2024-09-18 15:27:49,137 - API Response from https://api-v1.com/v10/sV3.php?key=QUY: {'A': '', 'B': 'Innings Break', 'D': 10, 'F': 'USA', 'L': '234.111.234', 'M': '46.46.46', 'R': '1+1', 'S': '10.43.31.27.43,15.50.49.46.52,50.131.106.117.167|', 'Z': '44+2', 'a': 'CD.11', 'b': '', 'c': '', 'ca': 14, 'cb': 'w', 'd': '', 'f': 1, 'g': '6WQ.3DX', 'h': '1', 'i': '5/1.2*', 'j': '106/10(31.1', 'k': '0/0(0.0', 'l': '', 'm': '', 'ms': 0, 'n': '', 'n1': 0, 'o': '&1wkJm', 'oh': 1, 'p': '', 'q': '', 'r': '', 'rf': 0, 's': '', 'st': '1', 't': '', 'tti': 0, 'wp': 'CD,29864,21504,1', 'y': '', 'z': ''}
2024-09-18 15:27:52,915 - API Response from https://api-v1.com/v10/sV3.php?key=QUY: {'A': '', 'B': 'Innings Break', 'D': 10, 'F': 'USA', 'L': '234.111.234', 'M': '46.46.46', 'R': '1+1', 'S': '10.43.31.27.43,15.50.49.46.52,50.131.106.117.167|', 'Z': '44+2', 'a': 'CD.11', 'b': '', 'c': '', 'ca': 14, 'cb': 'w', 'd': '', 'f': 1, 'g': '6WQ.3DX', 'h': '1', 'i': '5/1.2*', 'j': '106/10(31.1', 'k': '0/0(0.0', 'l': '', 'm': '', 'ms': 0, 'n': '', 'n1': 0, 'o': '&1wkJm', 'oh': 1, 'p': '', 'q': '', 'r': '', 'rf': 0, 's': '', 'st': '1', 't': '', 'tti': 0, 'wp': 'CD,29864,21504,1', 'y': '', 'z': ''}
2024-09-18 15:27:53,571 - Local Storage Data:
2024-09-18 15:27:53,571 - _GESPSK-33across.com: ["33across.com",null,1726653468011,null,null,null,null,null,null,[100]]
2024-09-18 15:27:53,571 - teamMapFlag: 1
2024-09-18 15:27:53,572 - 33acrossId_csti: 3014231610505630:6158203196586298:6158203196586298:0
2024-09-18 15:27:53,572 - t_CD_cc: 0-#3B5487
2024-09-18 15:27:53,572 - t_CD_dc: #5E5E5E
2024-09-18 15:27:53,572 - panoramaId_expiry: 1726739868109
2024-09-18 15:27:53,573 - _GESPSK-yahoo.com: ["yahoo.com",null,1726653468102,null,null,null,null,null,null,[111]]
2024-09-18 15:27:53,573 - panoramaId_expiry_exp: 1726739868109
2024-09-18 15:27:53,573 - t_11_uc: #CC7A25
2024-09-18 15:27:53,573 - _vdo_ai_uuid: 36c3d15e-bc44-4cbc-ada6-91f06eb4c2de
2024-09-18 15:27:53,574 - _GESPSK-uidapi.com: ["uidapi.com",null,1726653468012,null,null,null,null,null,null,[100]]
2024-09-18 15:27:53,574 - firebase:host:cricket-exchange.firebaseio.com: "s-usc1a-nss-2052.firebaseio.com"
2024-09-18 15:27:53,574 - _GESPSK-id5-sync.com: ["id5-sync.com",null,1726653468577,null,null,null,null,null,null,[106]]
2024-09-18 15:27:53,574 - google_adsense_settings: {"ca-pub-9910298696027392":["ca-pub-9910298696027392"]}
2024-09-18 15:27:53,574 - t_CD_name: United States
2024-09-18 15:27:53,574 - _cc_id: 3b9b1c0c3e29af5c4698ec8f788eaa9f
2024-09-18 15:27:53,575 - _GESPSK-crwdcntrl.net: ["crwdcntrl.net","",1726653468341]
2024-09-18 15:27:53,575 - _GESPSK-pubcid.org: ["pubcid.org",null,1726653468124,null,null,null,null,null,null,[106]]
2024-09-18 15:27:53,575 - s_1JK_name: Men's CWC League-II 2023-27
2024-09-18 15:27:53,575 - t_11_cc: 0-#872936
2024-09-18 15:27:53,575 - t_11_name: United Arab Emirates
2024-09-18 15:27:53,575 - t_CD_short: USA
2024-09-18 15:27:53,575 - local_delete: true
2024-09-18 15:27:53,575 - _cc_id_update_ts: 1726653468336
2024-09-18 15:27:53,576 - t_CD_uc: #B3B3B3
2024-09-18 15:27:53,576 - teamtimestamp: 1726653464849
2024-09-18 15:27:53,576 - _GESPSK-esp.criteo.com: ["esp.criteo.com",null,1726653468011,null,null,null,null,null,null,[100]]
2024-09-18 15:27:53,576 - _GESPSK-rtbhouse: ["rtbhouse",null,1726653468478,null,null,null,null,null,null,[106]]
2024-09-18 15:27:53,576 - _GESPSK-openx: ["openx",null,1726653468081,null,null,null,null,null,null,[111]]
2024-09-18 15:27:53,576 - t_11_short: UAE
2024-09-18 15:27:53,576 - t_11_dc: #A1152B
2024-09-18 15:27:53,576 - seriesMapFlag: 1
2024-09-18 15:27:53,576 - seriestimestamp: 1726653464849
2024-09-18 15:27:53,577 - s_1JK_short: CWC League-II 2023-27
2024-09-18 15:27:53,577 - s_1JK_tour: 0
2024-09-18 15:27:56,981 - API Response from https://api-v1.com/v10/sV3.php?key=QUY: {'A': '', 'B': 'Innings Break', 'D': 10, 'F': 'USA', 'L': '234.111.234', 'M': '46.46.46', 'R': '1+1', 'S': '10.43.31.27.43,15.50.49.46.52,50.131.106.117.167|', 'Z': '44+2', 'a': 'CD.11', 'b': '', 'c': '', 'ca': 14, 'cb': 'w', 'd': '', 'f': 1, 'g': '6WQ.3DX', 'h': '1', 'i': '5/1.2*', 'j': '106/10(31.1', 'k': '0/0(0.0', 'l': '', 'm': '', 'ms': 0, 'n': '', 'n1': 0, 'o': '&1wkJm', 'oh': 1, 'p': '', 'q': '', 'r': '', 'rf': 0, 's': '', 'st': '1', 't': '', 'tti': 0, 'wp': 'CD,29864,21504,1', 'y': '', 'z': ''}
2024-09-18 15:28:00,926 - API Response from https://api-v1.com/v10/sV3.php?key=QUY: {'A': '', 'B': 'Innings Break', 'D': 10, 'F': 'USA', 'L': '234.111.234', 'M': '46.46.46', 'R': '1+1', 'S': '10.43.31.27.43,15.50.49.46.52,50.131.106.117.167|', 'Z': '44+2', 'a': 'CD.11', 'b': '', 'c': '', 'ca': 14, 'cb': 'w', 'd': '', 'f': 1, 'g': '6WQ.3DX', 'h': '1', 'i': '5/1.2*', 'j': '106/10(31.1', 'k': '0/0(0.0', 'l': '', 'm': '', 'ms': 0, 'n': '', 'n1': 0, 'o': '&1wkJm', 'oh': 1, 'p': '', 'q': '', 'r': '', 'rf': 0, 's': '', 'st': '1', 't': '', 'tti': 0, 'wp': 'CD,29864,21504,1', 'y': '', 'z': ''}
2024-09-18 15:28:04,937 - API Response from https://api-v1.com/v10/sV3.php?key=QUY: {'A': '', 'B': 'Innings Break', 'D': 10, 'F': 'USA', 'L': '234.111.234', 'M': '46.46.46', 'R': '1+1', 'S': '10.43.31.27.43,15.50.49.46.52,50.131.106.117.167|', 'Z': '44+2', 'a': 'CD.11', 'b': '', 'c': '', 'ca': 14, 'cb': 'w', 'd': '', 'f': 1, 'g': '6WQ.3DX', 'h': '1', 'i': '5/1.2*', 'j': '106/10(31.1', 'k': '0/0(0.0', 'l': '', 'm': '', 'ms': 0, 'n': '', 'n1': 0, 'o': '&1wkJm', 'oh': 1, 'p': '', 'q': '', 'r': '', 'rf': 0, 's': '', 'st': '1', 't': '', 'tti': 0, 'wp': 'CD,29864,21504,1', 'y': '', 'z': ''}
2024-09-18 15:28:08,908 - API Response from https://api-v1.com/v10/sV3.php?key=QUY: {'A': '', 'B': 'Innings Break', 'D': 10, 'F': 'USA', 'L': '234.111.234', 'M': '46.46.46', 'R': '1+1', 'S': '10.43.31.27.43,15.50.49.46.52,50.131.106.117.167|', 'Z': '44+2', 'a': 'CD.11', 'b': '', 'c': '', 'ca': 14, 'cb': 'w', 'd': '', 'f': 1, 'g': '6WQ.3DX', 'h': '1', 'i': '5/1.2*', 'j': '106/10(31.1', 'k': '0/0(0.0', 'l': '', 'm': '', 'ms': 0, 'n': '', 'n1': 0, 'o': '&1wkJm', 'oh': 1, 'p': '', 'q': '', 'r': '', 'rf': 0, 's': '', 'st': '1', 't': '', 'tti': 0, 'wp': 'CD,29864,21504,1', 'y': '', 'z': ''}
2024-09-18 15:28:12,923 - API Response from https://api-v1.com/v10/sV3.php?key=QUY: {'A': '', 'B': 'Innings Break', 'D': 10, 'F': 'USA', 'L': '234.111.234', 'M': '46.46.46', 'R': '1+1', 'S': '10.43.31.27.43,15.50.49.46.52,50.131.106.117.167|', 'Z': '44+2', 'a': 'CD.11', 'b': '', 'c': '', 'ca': 14, 'cb': 'w', 'd': '', 'f': 1, 'g': '6WQ.3DX', 'h': '1', 'i': '5/1.2*', 'j': '106/10(31.1', 'k': '0/0(0.0', 'l': '', 'm': '', 'ms': 0, 'n': '', 'n1': 0, 'o': '&1wkJm', 'oh': 1, 'p': '', 'q': '', 'r': '', 'rf': 0, 's': '', 'st': '1', 't': '', 'tti': 0, 'wp': 'CD,29864,21504,1', 'y': '', 'z': ''}
2024-09-18 15:28:17,086 - API Response from https://api-v1.com/v10/sV3.php?key=QUY: {'A': '', 'B': 'Innings Break', 'D': 10, 'F': 'USA', 'L': '234.111.234', 'M': '46.46.46', 'R': '1+1', 'S': '10.43.31.27.43,15.50.49.46.52,50.131.106.117.167|', 'Z': '44+2', 'a': 'CD.11', 'b': '', 'c': '', 'ca': 14, 'cb': 'w', 'd': '', 'f': 1, 'g': '6WQ.3DX', 'h': '1', 'i': '5/1.2*', 'j': '106/10(31.1', 'k': '0/0(0.0', 'l': '', 'm': '', 'ms': 0, 'n': '', 'n1': 0, 'o': '&1wkJm', 'oh': 1, 'p': '', 'q': '', 'r': '', 'rf': 0, 's': '', 'st': '1', 't': '', 'tti': 0, 'wp': 'CD,29864,21504,1', 'y': '', 'z': ''}
2024-09-18 15:28:20,910 - API Response from https://api-v1.com/v10/sV3.php?key=QUY: {'A': '', 'B': 'Innings Break', 'D': 10, 'F': 'USA', 'L': '234.111.234', 'M': '46.46.46', 'R': '1+1', 'S': '10.43.31.27.43,15.50.49.46.52,50.131.106.117.167|', 'Z': '44+2', 'a': 'CD.11', 'b': '', 'c': '', 'ca': 14, 'cb': 'w', 'd': '', 'f': 1, 'g': '6WQ.3DX', 'h': '1', 'i': '5/1.2*', 'j': '106/10(31.1', 'k': '0/0(0.0', 'l': '', 'm': '', 'ms': 0, 'n': '', 'n1': 0, 'o': '&1wkJm', 'oh': 1, 'p': '', 'q': '', 'r': '', 'rf': 0, 's': '', 'st': '1', 't': '', 'tti': 0, 'wp': 'CD,29864,21504,1', 'y': '', 'z': ''}
